<?xml version="1.0" encoding="UTF-8"?>
<!-- Generated by org.testng.reporters.JUnitReportReporter -->
<testsuite hostname="QT-INBG-LT0743" failures="0" tests="3" name="Qualitest.Mobile.SignIn" time="25.775" errors="0" timestamp="2022-10-18T10:51:17 IST" skipped="0">
  <testcase classname="Qualitest.Mobile.SignIn" name="set" time="4.853"/>
  <system-out/>
  <testcase classname="Qualitest.Mobile.SignIn" name="set" time="5.490"/>
  <system-out/>
  <testcase classname="Qualitest.Mobile.SignIn" name="set" time="15.432"/>
  <system-out/>
</testsuite> <!-- Qualitest.Mobile.SignIn -->
