<?xml version="1.0" encoding="UTF-8"?>
<!-- Generated by org.testng.reporters.JUnitReportReporter -->
<testsuite hostname="QT-INBG-LT0743" failures="0" tests="7" name="Qualitest.Mobile.SignUp" time="39.103" errors="0" timestamp="2022-10-17T11:54:09 IST" skipped="0">
  <testcase classname="Qualitest.Mobile.SignUp" name="signUpPage" time="8.252"/>
  <system-out/>
  <testcase classname="Qualitest.Mobile.SignUp" name="signUpPage" time="5.488"/>
  <system-out/>
  <testcase classname="Qualitest.Mobile.SignUp" name="signUpPage" time="5.364"/>
  <system-out/>
  <testcase classname="Qualitest.Mobile.SignUp" name="signUpPage" time="3.855"/>
  <system-out/>
  <testcase classname="Qualitest.Mobile.SignUp" name="signUpPage" time="5.496"/>
  <system-out/>
  <testcase classname="Qualitest.Mobile.SignUp" name="signUpPage" time="5.858"/>
  <system-out/>
  <testcase classname="Qualitest.Mobile.SignUp" name="signUpPage" time="4.790"/>
  <system-out/>
</testsuite> <!-- Qualitest.Mobile.SignUp -->
